{
  "0 info pnpm": {
    "message": "Using hooks from: /home/adam/mintalio/.pnpmfile.cjs",
    "prefix": "/home/adam/mintalio"
  },
  "1 info pnpm": {
    "message": "readPackage hook is declared. Manifests of dependencies might get overridden",
    "prefix": "/home/adam/mintalio"
  },
  "2 debug pnpm:scope": {
    "selected": 1
  },
  "3 error pnpm": {
    "code": "ELIFECYCLE",
    "errno": "ENOENT",
    "syscall": "spawn",
    "file": "sh",
    "pkgid": "raretoshi@0.0.1",
    "stage": "dev",
    "script": "TAILWIND_MODE=watch svelte-kit dev",
    "pkgname": "raretoshi",
    "err": {
      "name": "pnpm",
      "message": "raretoshi@0.0.1 dev: `TAILWIND_MODE=watch svelte-kit dev`\nspawn ENOENT",
      "code": "ELIFECYCLE",
      "stack": "pnpm: raretoshi@0.0.1 dev: `TAILWIND_MODE=watch svelte-kit dev`\nspawn ENOENT\n    at ChildProcess.<anonymous> (/snapshot/dist/pnpm.cjs)\n    at ChildProcess.emit (events.js:376:20)\n    at maybeClose (internal/child_process.js:1055:16)\n    at Process.ChildProcess._handle.onexit (internal/child_process.js:288:5)"
    }
  },
  "4 warn pnpm:global": " Local package.json exists, but node_modules missing, did you mean to install?"
}